<?xml version="1.0" encoding="UTF-8"?>
<!-- Generated by org.testng.reporters.JUnitXMLReporter -->
<testsuite hostname="DESKTOP-S5VR2S8" ignored="0" name="Test" tests="3" failures="0" timestamp="2022-09-17T02:25:13 EDT" time="21.104" errors="0">
  <testcase name="Test2" time="1.829" classname="testcases.SimpliLearnLoginTest"/>
  <testcase name="Test3" time="2.766" classname="testcases.SimpliLearnLoginTest"/>
  <testcase name="test1" time="1.771" classname="testcases.SimpliLearnLoginTest"/>
</testsuite> <!-- Test -->
