<?xml version="1.0" encoding="UTF-8"?>
<!-- Generated by org.testng.reporters.JUnitXMLReporter -->
<testsuite ignored="0" hostname="DESKTOP-S5VR2S8" failures="0" tests="3" name="Test" time="23.32" errors="0" timestamp="2022-09-17T23:59:52 EDT">
  <testcase classname="testcases.SimpliLearnLoginTest" name="Test2" time="2.833"/>
  <testcase classname="testcases.SimpliLearnLoginTest" name="Test3" time="3.326"/>
  <testcase classname="testcases.SimpliLearnLoginTest" name="test1" time="3.2"/>
</testsuite> <!-- Test -->
